app/build/intermediates/manifest_merge_blame_file/debug/processDebugMainManifest/manifest-merger-blame-debug-report.txt
1<?xml version="1.0" encoding="utf-8"?>
2<manifest xmlns:android="http://schemas.android.com/apk/res/android"
3    package="com.registro.alimentario"
4    android:versionCode="1"
5    android:versionName="1.0" >
6
7    <uses-sdk
8        android:minSdkVersion="26"
9        android:targetSdkVersion="35" />
10
11    <uses-permission android:name="android.permission.INTERNET" />
11-->src/main/AndroidManifest.xml:4:5-67
11-->src/main/AndroidManifest.xml:4:22-64
12    <uses-permission android:name="android.permission.CAMERA" />
12-->src/main/AndroidManifest.xml:5:5-65
12-->src/main/AndroidManifest.xml:5:22-62
13    <uses-permission android:name="android.permission.READ_MEDIA_IMAGES" />
13-->src/main/AndroidManifest.xml:6:5-76
13-->src/main/AndroidManifest.xml:6:22-73
14    <!-- Required on Android 13+ for FCM -->
15    <uses-permission android:name="android.permission.POST_NOTIFICATIONS" />
15-->src/main/AndroidManifest.xml:8:5-77
15-->src/main/AndroidManifest.xml:8:22-74
16    <!-- Required for scheduling exact alarms (meal reminders) -->
17    <uses-permission android:name="android.permission.SCHEDULE_EXACT_ALARM" />
17-->src/main/AndroidManifest.xml:10:5-79
17-->src/main/AndroidManifest.xml:10:22-76
18    <uses-permission android:name="android.permission.USE_EXACT_ALARM" />
18-->src/main/AndroidManifest.xml:11:5-74
18-->src/main/AndroidManifest.xml:11:22-71
19
20    <uses-feature
20-->src/main/AndroidManifest.xml:13:5-15:36
21        android:name="android.hardware.camera"
21-->src/main/AndroidManifest.xml:14:9-47
22        android:required="false" />
22-->src/main/AndroidManifest.xml:15:9-33
23
24    <uses-permission android:name="android.permission.ACCESS_NETWORK_STATE" />
24-->[com.google.firebase:firebase-auth:23.1.0] AndroidManifest.xml:26:5-79
24-->[com.google.firebase:firebase-auth:23.1.0] AndroidManifest.xml:26:22-76
25    <uses-permission android:name="android.permission.WAKE_LOCK" /> <!-- Required by older versions of Google Play services to create IID tokens -->
25-->[com.google.firebase:firebase-messaging:24.1.0] AndroidManifest.xml:24:5-68
25-->[com.google.firebase:firebase-messaging:24.1.0] AndroidManifest.xml:24:22-65
26    <uses-permission android:name="com.google.android.c2dm.permission.RECEIVE" />
26-->[com.google.firebase:firebase-messaging:24.1.0] AndroidManifest.xml:26:5-82
26-->[com.google.firebase:firebase-messaging:24.1.0] AndroidManifest.xml:26:22-79
27
28    <permission
28-->[androidx.core:core:1.15.0] AndroidManifest.xml:22:5-24:47
29        android:name="com.registro.alimentario.DYNAMIC_RECEIVER_NOT_EXPORTED_PERMISSION"
29-->[androidx.core:core:1.15.0] AndroidManifest.xml:23:9-81
30        android:protectionLevel="signature" />
30-->[androidx.core:core:1.15.0] AndroidManifest.xml:24:9-44
31
32    <uses-permission android:name="com.registro.alimentario.DYNAMIC_RECEIVER_NOT_EXPORTED_PERMISSION" />
32-->[androidx.core:core:1.15.0] AndroidManifest.xml:26:5-97
32-->[androidx.core:core:1.15.0] AndroidManifest.xml:26:22-94
33    <uses-permission android:name="com.google.android.providers.gsf.permission.READ_GSERVICES" />
33-->[com.google.android.recaptcha:recaptcha:18.5.1] AndroidManifest.xml:9:5-98
33-->[com.google.android.recaptcha:recaptcha:18.5.1] AndroidManifest.xml:9:22-95
34
35    <application
35-->src/main/AndroidManifest.xml:17:5-65:19
36        android:name="com.registro.alimentario.RegistroApplication"
36-->src/main/AndroidManifest.xml:18:9-44
37        android:allowBackup="true"
37-->src/main/AndroidManifest.xml:19:9-35
38        android:appComponentFactory="androidx.core.app.CoreComponentFactory"
38-->[androidx.core:core:1.15.0] AndroidManifest.xml:28:18-86
39        android:debuggable="true"
40        android:extractNativeLibs="false"
41        android:icon="@mipmap/ic_launcher"
41-->src/main/AndroidManifest.xml:20:9-43
42        android:label="@string/app_name"
42-->src/main/AndroidManifest.xml:21:9-41
43        android:roundIcon="@mipmap/ic_launcher_round"
43-->src/main/AndroidManifest.xml:22:9-54
44        android:supportsRtl="true"
44-->src/main/AndroidManifest.xml:23:9-35
45        android:testOnly="true"
46        android:theme="@style/Theme.RegistroAlimentario" >
46-->src/main/AndroidManifest.xml:24:9-57
47        <activity
47-->src/main/AndroidManifest.xml:26:9-43:20
48            android:name="com.registro.alimentario.MainActivity"
48-->src/main/AndroidManifest.xml:27:13-41
49            android:exported="true"
49-->src/main/AndroidManifest.xml:28:13-36
50            android:windowSoftInputMode="adjustResize" >
50-->src/main/AndroidManifest.xml:29:13-55
51            <intent-filter>
51-->src/main/AndroidManifest.xml:30:13-33:29
52                <action android:name="android.intent.action.MAIN" />
52-->src/main/AndroidManifest.xml:31:17-69
52-->src/main/AndroidManifest.xml:31:25-66
53
54                <category android:name="android.intent.category.LAUNCHER" />
54-->src/main/AndroidManifest.xml:32:17-77
54-->src/main/AndroidManifest.xml:32:27-74
55            </intent-filter>
56            <!-- Deep link: registro detail from push notification -->
57            <intent-filter android:autoVerify="true" >
57-->src/main/AndroidManifest.xml:35:13-42:29
57-->src/main/AndroidManifest.xml:35:28-53
58                <action android:name="android.intent.action.VIEW" />
58-->src/main/AndroidManifest.xml:36:17-69
58-->src/main/AndroidManifest.xml:36:25-66
59
60                <category android:name="android.intent.category.DEFAULT" />
60-->src/main/AndroidManifest.xml:37:17-76
60-->src/main/AndroidManifest.xml:37:27-73
61                <category android:name="android.intent.category.BROWSABLE" />
61-->src/main/AndroidManifest.xml:38:17-78
61-->src/main/AndroidManifest.xml:38:27-75
62
63                <data
63-->src/main/AndroidManifest.xml:39:17-41:47
64                    android:host="registro"
64-->src/main/AndroidManifest.xml:41:21-44
65                    android:scheme="registroalimentario" />
65-->src/main/AndroidManifest.xml:40:21-57
66            </intent-filter>
67        </activity>
68
69        <!-- FCM Service -->
70        <service
70-->src/main/AndroidManifest.xml:46:9-52:19
71            android:name="com.registro.alimentario.service.RegistroMessagingService"
71-->src/main/AndroidManifest.xml:47:13-61
72            android:exported="false" >
72-->src/main/AndroidManifest.xml:48:13-37
73            <intent-filter>
73-->src/main/AndroidManifest.xml:49:13-51:29
74                <action android:name="com.google.firebase.MESSAGING_EVENT" />
74-->src/main/AndroidManifest.xml:50:17-78
74-->src/main/AndroidManifest.xml:50:25-75
75            </intent-filter>
76        </service>
77
78        <!-- File Provider for camera photos -->
79        <provider
80            android:name="androidx.core.content.FileProvider"
80-->src/main/AndroidManifest.xml:56:13-62
81            android:authorities="com.registro.alimentario.fileprovider"
81-->src/main/AndroidManifest.xml:57:13-64
82            android:exported="false"
82-->src/main/AndroidManifest.xml:58:13-37
83            android:grantUriPermissions="true" >
83-->src/main/AndroidManifest.xml:59:13-47
84            <meta-data
84-->src/main/AndroidManifest.xml:60:13-62:54
85                android:name="android.support.FILE_PROVIDER_PATHS"
85-->src/main/AndroidManifest.xml:61:17-67
86                android:resource="@xml/file_paths" />
86-->src/main/AndroidManifest.xml:62:17-51
87        </provider>
88
89        <service
89-->[com.google.firebase:firebase-auth-ktx:23.1.0] AndroidManifest.xml:8:9-14:19
90            android:name="com.google.firebase.components.ComponentDiscoveryService"
90-->[com.google.firebase:firebase-auth-ktx:23.1.0] AndroidManifest.xml:9:13-84
91            android:directBootAware="true"
91-->[com.google.firebase:firebase-common:21.0.0] AndroidManifest.xml:32:13-43
92            android:exported="false" >
92-->[com.google.firebase:firebase-auth-ktx:23.1.0] AndroidManifest.xml:10:13-37
93            <meta-data
93-->[com.google.firebase:firebase-auth-ktx:23.1.0] AndroidManifest.xml:11:13-13:85
94                android:name="com.google.firebase.components:com.google.firebase.auth.ktx.FirebaseAuthLegacyRegistrar"
94-->[com.google.firebase:firebase-auth-ktx:23.1.0] AndroidManifest.xml:12:17-119
95                android:value="com.google.firebase.components.ComponentRegistrar" />
95-->[com.google.firebase:firebase-auth-ktx:23.1.0] AndroidManifest.xml:13:17-82
96            <meta-data
96-->[com.google.firebase:firebase-auth:23.1.0] AndroidManifest.xml:69:13-71:85
97                android:name="com.google.firebase.components:com.google.firebase.auth.FirebaseAuthRegistrar"
97-->[com.google.firebase:firebase-auth:23.1.0] AndroidManifest.xml:70:17-109
98                android:value="com.google.firebase.components.ComponentRegistrar" />
98-->[com.google.firebase:firebase-auth:23.1.0] AndroidManifest.xml:71:17-82
99            <meta-data
99-->[com.google.firebase:firebase-storage-ktx:21.0.1] AndroidManifest.xml:12:13-14:85
100                android:name="com.google.firebase.components:com.google.firebase.storage.ktx.FirebaseStorageLegacyRegistrar"
100-->[com.google.firebase:firebase-storage-ktx:21.0.1] AndroidManifest.xml:13:17-125
101                android:value="com.google.firebase.components.ComponentRegistrar" />
101-->[com.google.firebase:firebase-storage-ktx:21.0.1] AndroidManifest.xml:14:17-82
102            <meta-data
102-->[com.google.firebase:firebase-firestore-ktx:25.1.1] AndroidManifest.xml:12:13-14:85
103                android:name="com.google.firebase.components:com.google.firebase.firestore.ktx.FirebaseFirestoreLegacyRegistrar"
103-->[com.google.firebase:firebase-firestore-ktx:25.1.1] AndroidManifest.xml:13:17-129
104                android:value="com.google.firebase.components.ComponentRegistrar" />
104-->[com.google.firebase:firebase-firestore-ktx:25.1.1] AndroidManifest.xml:14:17-82
105            <meta-data
105-->[com.google.firebase:firebase-messaging-ktx:24.1.0] AndroidManifest.xml:26:13-28:85
106                android:name="com.google.firebase.components:com.google.firebase.messaging.ktx.FirebaseMessagingLegacyRegistrar"
106-->[com.google.firebase:firebase-messaging-ktx:24.1.0] AndroidManifest.xml:27:17-129
107                android:value="com.google.firebase.components.ComponentRegistrar" />
107-->[com.google.firebase:firebase-messaging-ktx:24.1.0] AndroidManifest.xml:28:17-82
108            <meta-data
108-->[com.google.firebase:firebase-storage:21.0.1] AndroidManifest.xml:30:13-32:85
109                android:name="com.google.firebase.components:com.google.firebase.storage.FirebaseStorageKtxRegistrar"
109-->[com.google.firebase:firebase-storage:21.0.1] AndroidManifest.xml:31:17-118
110                android:value="com.google.firebase.components.ComponentRegistrar" />
110-->[com.google.firebase:firebase-storage:21.0.1] AndroidManifest.xml:32:17-82
111            <meta-data
111-->[com.google.firebase:firebase-storage:21.0.1] AndroidManifest.xml:33:13-35:85
112                android:name="com.google.firebase.components:com.google.firebase.storage.StorageRegistrar"
112-->[com.google.firebase:firebase-storage:21.0.1] AndroidManifest.xml:34:17-107
113                android:value="com.google.firebase.components.ComponentRegistrar" />
113-->[com.google.firebase:firebase-storage:21.0.1] AndroidManifest.xml:35:17-82
114            <meta-data
114-->[com.google.firebase:firebase-firestore:25.1.1] AndroidManifest.xml:17:13-19:85
115                android:name="com.google.firebase.components:com.google.firebase.firestore.FirebaseFirestoreKtxRegistrar"
115-->[com.google.firebase:firebase-firestore:25.1.1] AndroidManifest.xml:18:17-122
116                android:value="com.google.firebase.components.ComponentRegistrar" />
116-->[com.google.firebase:firebase-firestore:25.1.1] AndroidManifest.xml:19:17-82
117            <meta-data
117-->[com.google.firebase:firebase-firestore:25.1.1] AndroidManifest.xml:20:13-22:85
118                android:name="com.google.firebase.components:com.google.firebase.firestore.FirestoreRegistrar"
118-->[com.google.firebase:firebase-firestore:25.1.1] AndroidManifest.xml:21:17-111
119                android:value="com.google.firebase.components.ComponentRegistrar" />
119-->[com.google.firebase:firebase-firestore:25.1.1] AndroidManifest.xml:22:17-82
120            <meta-data
120-->[com.google.firebase:firebase-messaging:24.1.0] AndroidManifest.xml:57:13-59:85
121                android:name="com.google.firebase.components:com.google.firebase.messaging.FirebaseMessagingKtxRegistrar"
121-->[com.google.firebase:firebase-messaging:24.1.0] AndroidManifest.xml:58:17-122
122                android:value="com.google.firebase.components.ComponentRegistrar" />
122-->[com.google.firebase:firebase-messaging:24.1.0] AndroidManifest.xml:59:17-82
123            <meta-data
123-->[com.google.firebase:firebase-messaging:24.1.0] AndroidManifest.xml:60:13-62:85
124                android:name="com.google.firebase.components:com.google.firebase.messaging.FirebaseMessagingRegistrar"
124-->[com.google.firebase:firebase-messaging:24.1.0] AndroidManifest.xml:61:17-119
125                android:value="com.google.firebase.components.ComponentRegistrar" />
125-->[com.google.firebase:firebase-messaging:24.1.0] AndroidManifest.xml:62:17-82
126            <meta-data
126-->[com.google.firebase:firebase-appcheck:18.0.0] AndroidManifest.xml:25:13-27:85
127                android:name="com.google.firebase.components:com.google.firebase.appcheck.FirebaseAppCheckKtxRegistrar"
127-->[com.google.firebase:firebase-appcheck:18.0.0] AndroidManifest.xml:26:17-120
128                android:value="com.google.firebase.components.ComponentRegistrar" />
128-->[com.google.firebase:firebase-appcheck:18.0.0] AndroidManifest.xml:27:17-82
129            <meta-data
129-->[com.google.firebase:firebase-appcheck:18.0.0] AndroidManifest.xml:28:13-30:85
130                android:name="com.google.firebase.components:com.google.firebase.appcheck.FirebaseAppCheckRegistrar"
130-->[com.google.firebase:firebase-appcheck:18.0.0] AndroidManifest.xml:29:17-117
131                android:value="com.google.firebase.components.ComponentRegistrar" />
131-->[com.google.firebase:firebase-appcheck:18.0.0] AndroidManifest.xml:30:17-82
132            <meta-data
132-->[com.google.firebase:firebase-installations:18.0.0] AndroidManifest.xml:15:13-17:85
133                android:name="com.google.firebase.components:com.google.firebase.installations.FirebaseInstallationsKtxRegistrar"
133-->[com.google.firebase:firebase-installations:18.0.0] AndroidManifest.xml:16:17-130
134                android:value="com.google.firebase.components.ComponentRegistrar" />
134-->[com.google.firebase:firebase-installations:18.0.0] AndroidManifest.xml:17:17-82
135            <meta-data
135-->[com.google.firebase:firebase-installations:18.0.0] AndroidManifest.xml:18:13-20:85
136                android:name="com.google.firebase.components:com.google.firebase.installations.FirebaseInstallationsRegistrar"
136-->[com.google.firebase:firebase-installations:18.0.0] AndroidManifest.xml:19:17-127
137                android:value="com.google.firebase.components.ComponentRegistrar" />
137-->[com.google.firebase:firebase-installations:18.0.0] AndroidManifest.xml:20:17-82
138            <meta-data
138-->[com.google.firebase:firebase-common-ktx:21.0.0] AndroidManifest.xml:12:13-14:85
139                android:name="com.google.firebase.components:com.google.firebase.ktx.FirebaseCommonLegacyRegistrar"
139-->[com.google.firebase:firebase-common-ktx:21.0.0] AndroidManifest.xml:13:17-116
140                android:value="com.google.firebase.components.ComponentRegistrar" />
140-->[com.google.firebase:firebase-common-ktx:21.0.0] AndroidManifest.xml:14:17-82
141            <meta-data
141-->[com.google.firebase:firebase-common:21.0.0] AndroidManifest.xml:35:13-37:85
142                android:name="com.google.firebase.components:com.google.firebase.FirebaseCommonKtxRegistrar"
142-->[com.google.firebase:firebase-common:21.0.0] AndroidManifest.xml:36:17-109
143                android:value="com.google.firebase.components.ComponentRegistrar" />
143-->[com.google.firebase:firebase-common:21.0.0] AndroidManifest.xml:37:17-82
144            <meta-data
144-->[com.google.firebase:firebase-datatransport:18.2.0] AndroidManifest.xml:25:13-27:85
145                android:name="com.google.firebase.components:com.google.firebase.datatransport.TransportRegistrar"
145-->[com.google.firebase:firebase-datatransport:18.2.0] AndroidManifest.xml:26:17-115
146                android:value="com.google.firebase.components.ComponentRegistrar" />
146-->[com.google.firebase:firebase-datatransport:18.2.0] AndroidManifest.xml:27:17-82
147        </service>
148
149        <activity
149-->[com.google.firebase:firebase-auth:23.1.0] AndroidManifest.xml:29:9-46:20
150            android:name="com.google.firebase.auth.internal.GenericIdpActivity"
150-->[com.google.firebase:firebase-auth:23.1.0] AndroidManifest.xml:30:13-80
151            android:excludeFromRecents="true"
151-->[com.google.firebase:firebase-auth:23.1.0] AndroidManifest.xml:31:13-46
152            android:exported="true"
152-->[com.google.firebase:firebase-auth:23.1.0] AndroidManifest.xml:32:13-36
153            android:launchMode="singleTask"
153-->[com.google.firebase:firebase-auth:23.1.0] AndroidManifest.xml:33:13-44
154            android:theme="@android:style/Theme.Translucent.NoTitleBar" >
154-->[com.google.firebase:firebase-auth:23.1.0] AndroidManifest.xml:34:13-72
155            <intent-filter>
155-->[com.google.firebase:firebase-auth:23.1.0] AndroidManifest.xml:35:13-45:29
156                <action android:name="android.intent.action.VIEW" />
156-->src/main/AndroidManifest.xml:36:17-69
156-->src/main/AndroidManifest.xml:36:25-66
157
158                <category android:name="android.intent.category.DEFAULT" />
158-->src/main/AndroidManifest.xml:37:17-76
158-->src/main/AndroidManifest.xml:37:27-73
159                <category android:name="android.intent.category.BROWSABLE" />
159-->src/main/AndroidManifest.xml:38:17-78
159-->src/main/AndroidManifest.xml:38:27-75
160
161                <data
161-->src/main/AndroidManifest.xml:39:17-41:47
162                    android:host="firebase.auth"
162-->src/main/AndroidManifest.xml:41:21-44
163                    android:path="/"
164                    android:scheme="genericidp" />
164-->src/main/AndroidManifest.xml:40:21-57
165            </intent-filter>
166        </activity>
167        <activity
167-->[com.google.firebase:firebase-auth:23.1.0] AndroidManifest.xml:47:9-64:20
168            android:name="com.google.firebase.auth.internal.RecaptchaActivity"
168-->[com.google.firebase:firebase-auth:23.1.0] AndroidManifest.xml:48:13-79
169            android:excludeFromRecents="true"
169-->[com.google.firebase:firebase-auth:23.1.0] AndroidManifest.xml:49:13-46
170            android:exported="true"
170-->[com.google.firebase:firebase-auth:23.1.0] AndroidManifest.xml:50:13-36
171            android:launchMode="singleTask"
171-->[com.google.firebase:firebase-auth:23.1.0] AndroidManifest.xml:51:13-44
172            android:theme="@android:style/Theme.Translucent.NoTitleBar" >
172-->[com.google.firebase:firebase-auth:23.1.0] AndroidManifest.xml:52:13-72
173            <intent-filter>
173-->[com.google.firebase:firebase-auth:23.1.0] AndroidManifest.xml:53:13-63:29
174                <action android:name="android.intent.action.VIEW" />
174-->src/main/AndroidManifest.xml:36:17-69
174-->src/main/AndroidManifest.xml:36:25-66
175
176                <category android:name="android.intent.category.DEFAULT" />
176-->src/main/AndroidManifest.xml:37:17-76
176-->src/main/AndroidManifest.xml:37:27-73
177                <category android:name="android.intent.category.BROWSABLE" />
177-->src/main/AndroidManifest.xml:38:17-78
177-->src/main/AndroidManifest.xml:38:27-75
178
179                <data
179-->src/main/AndroidManifest.xml:39:17-41:47
180                    android:host="firebase.auth"
180-->src/main/AndroidManifest.xml:41:21-44
181                    android:path="/"
182                    android:scheme="recaptcha" />
182-->src/main/AndroidManifest.xml:40:21-57
183            </intent-filter>
184        </activity>
185
186        <receiver
186-->[com.google.firebase:firebase-messaging:24.1.0] AndroidManifest.xml:29:9-40:20
187            android:name="com.google.firebase.iid.FirebaseInstanceIdReceiver"
187-->[com.google.firebase:firebase-messaging:24.1.0] AndroidManifest.xml:30:13-78
188            android:exported="true"
188-->[com.google.firebase:firebase-messaging:24.1.0] AndroidManifest.xml:31:13-36
189            android:permission="com.google.android.c2dm.permission.SEND" >
189-->[com.google.firebase:firebase-messaging:24.1.0] AndroidManifest.xml:32:13-73
190            <intent-filter>
190-->[com.google.firebase:firebase-messaging:24.1.0] AndroidManifest.xml:33:13-35:29
191                <action android:name="com.google.android.c2dm.intent.RECEIVE" />
191-->[com.google.firebase:firebase-messaging:24.1.0] AndroidManifest.xml:34:17-81
191-->[com.google.firebase:firebase-messaging:24.1.0] AndroidManifest.xml:34:25-78
192            </intent-filter>
193
194            <meta-data
194-->[com.google.firebase:firebase-messaging:24.1.0] AndroidManifest.xml:37:13-39:40
195                android:name="com.google.android.gms.cloudmessaging.FINISHED_AFTER_HANDLED"
195-->[com.google.firebase:firebase-messaging:24.1.0] AndroidManifest.xml:38:17-92
196                android:value="true" />
196-->[com.google.firebase:firebase-messaging:24.1.0] AndroidManifest.xml:39:17-37
197        </receiver>
198        <!--
199             FirebaseMessagingService performs security checks at runtime,
200             but set to not exported to explicitly avoid allowing another app to call it.
201        -->
202        <service
202-->[com.google.firebase:firebase-messaging:24.1.0] AndroidManifest.xml:46:9-53:19
203            android:name="com.google.firebase.messaging.FirebaseMessagingService"
203-->[com.google.firebase:firebase-messaging:24.1.0] AndroidManifest.xml:47:13-82
204            android:directBootAware="true"
204-->[com.google.firebase:firebase-messaging:24.1.0] AndroidManifest.xml:48:13-43
205            android:exported="false" >
205-->[com.google.firebase:firebase-messaging:24.1.0] AndroidManifest.xml:49:13-37
206            <intent-filter android:priority="-500" >
206-->src/main/AndroidManifest.xml:49:13-51:29
207                <action android:name="com.google.firebase.MESSAGING_EVENT" />
207-->src/main/AndroidManifest.xml:50:17-78
207-->src/main/AndroidManifest.xml:50:25-75
208            </intent-filter>
209        </service>
210
211        <provider
211-->[com.google.firebase:firebase-common:21.0.0] AndroidManifest.xml:23:9-28:39
212            android:name="com.google.firebase.provider.FirebaseInitProvider"
212-->[com.google.firebase:firebase-common:21.0.0] AndroidManifest.xml:24:13-77
213            android:authorities="com.registro.alimentario.firebaseinitprovider"
213-->[com.google.firebase:firebase-common:21.0.0] AndroidManifest.xml:25:13-72
214            android:directBootAware="true"
214-->[com.google.firebase:firebase-common:21.0.0] AndroidManifest.xml:26:13-43
215            android:exported="false"
215-->[com.google.firebase:firebase-common:21.0.0] AndroidManifest.xml:27:13-37
216            android:initOrder="100" />
216-->[com.google.firebase:firebase-common:21.0.0] AndroidManifest.xml:28:13-36
217
218        <activity
218-->[androidx.compose.ui:ui-tooling-android:1.7.6] AndroidManifest.xml:23:9-25:39
219            android:name="androidx.compose.ui.tooling.PreviewActivity"
219-->[androidx.compose.ui:ui-tooling-android:1.7.6] AndroidManifest.xml:24:13-71
220            android:exported="true" />
220-->[androidx.compose.ui:ui-tooling-android:1.7.6] AndroidManifest.xml:25:13-36
221        <activity
221-->[androidx.compose.ui:ui-test-manifest:1.7.6] AndroidManifest.xml:23:9-25:39
222            android:name="androidx.activity.ComponentActivity"
222-->[androidx.compose.ui:ui-test-manifest:1.7.6] AndroidManifest.xml:24:13-63
223            android:exported="true" />
223-->[androidx.compose.ui:ui-test-manifest:1.7.6] AndroidManifest.xml:25:13-36
224
225        <provider
225-->[androidx.emoji2:emoji2:1.3.0] AndroidManifest.xml:24:9-32:20
226            android:name="androidx.startup.InitializationProvider"
226-->[androidx.emoji2:emoji2:1.3.0] AndroidManifest.xml:25:13-67
227            android:authorities="com.registro.alimentario.androidx-startup"
227-->[androidx.emoji2:emoji2:1.3.0] AndroidManifest.xml:26:13-68
228            android:exported="false" >
228-->[androidx.emoji2:emoji2:1.3.0] AndroidManifest.xml:27:13-37
229            <meta-data
229-->[androidx.emoji2:emoji2:1.3.0] AndroidManifest.xml:29:13-31:52
230                android:name="androidx.emoji2.text.EmojiCompatInitializer"
230-->[androidx.emoji2:emoji2:1.3.0] AndroidManifest.xml:30:17-75
231                android:value="androidx.startup" />
231-->[androidx.emoji2:emoji2:1.3.0] AndroidManifest.xml:31:17-49
232            <meta-data
232-->[androidx.lifecycle:lifecycle-process:2.8.7] AndroidManifest.xml:29:13-31:52
233                android:name="androidx.lifecycle.ProcessLifecycleInitializer"
233-->[androidx.lifecycle:lifecycle-process:2.8.7] AndroidManifest.xml:30:17-78
234                android:value="androidx.startup" />
234-->[androidx.lifecycle:lifecycle-process:2.8.7] AndroidManifest.xml:31:17-49
235            <meta-data
235-->[androidx.profileinstaller:profileinstaller:1.3.1] AndroidManifest.xml:29:13-31:52
236                android:name="androidx.profileinstaller.ProfileInstallerInitializer"
236-->[androidx.profileinstaller:profileinstaller:1.3.1] AndroidManifest.xml:30:17-85
237                android:value="androidx.startup" />
237-->[androidx.profileinstaller:profileinstaller:1.3.1] AndroidManifest.xml:31:17-49
238        </provider>
239
240        <service
240-->[androidx.credentials:credentials-play-services-auth:1.2.0-rc01] AndroidManifest.xml:24:9-32:19
241            android:name="androidx.credentials.playservices.CredentialProviderMetadataHolder"
241-->[androidx.credentials:credentials-play-services-auth:1.2.0-rc01] AndroidManifest.xml:25:13-94
242            android:enabled="true"
242-->[androidx.credentials:credentials-play-services-auth:1.2.0-rc01] AndroidManifest.xml:26:13-35
243            android:exported="false" >
243-->[androidx.credentials:credentials-play-services-auth:1.2.0-rc01] AndroidManifest.xml:27:13-37
244            <meta-data
244-->[androidx.credentials:credentials-play-services-auth:1.2.0-rc01] AndroidManifest.xml:29:13-31:104
245                android:name="androidx.credentials.CREDENTIAL_PROVIDER_KEY"
245-->[androidx.credentials:credentials-play-services-auth:1.2.0-rc01] AndroidManifest.xml:30:17-76
246                android:value="androidx.credentials.playservices.CredentialProviderPlayServicesImpl" />
246-->[androidx.credentials:credentials-play-services-auth:1.2.0-rc01] AndroidManifest.xml:31:17-101
247        </service>
248
249        <activity
249-->[androidx.credentials:credentials-play-services-auth:1.2.0-rc01] AndroidManifest.xml:34:9-41:20
250            android:name="androidx.credentials.playservices.HiddenActivity"
250-->[androidx.credentials:credentials-play-services-auth:1.2.0-rc01] AndroidManifest.xml:35:13-76
251            android:configChanges="orientation|screenSize|screenLayout|keyboardHidden"
251-->[androidx.credentials:credentials-play-services-auth:1.2.0-rc01] AndroidManifest.xml:36:13-87
252            android:enabled="true"
252-->[androidx.credentials:credentials-play-services-auth:1.2.0-rc01] AndroidManifest.xml:37:13-35
253            android:exported="false"
253-->[androidx.credentials:credentials-play-services-auth:1.2.0-rc01] AndroidManifest.xml:38:13-37
254            android:fitsSystemWindows="true"
254-->[androidx.credentials:credentials-play-services-auth:1.2.0-rc01] AndroidManifest.xml:39:13-45
255            android:theme="@style/Theme.Hidden" >
255-->[androidx.credentials:credentials-play-services-auth:1.2.0-rc01] AndroidManifest.xml:40:13-48
256        </activity>
257        <activity
257-->[com.google.android.gms:play-services-auth:20.7.0] AndroidManifest.xml:23:9-27:75
258            android:name="com.google.android.gms.auth.api.signin.internal.SignInHubActivity"
258-->[com.google.android.gms:play-services-auth:20.7.0] AndroidManifest.xml:24:13-93
259            android:excludeFromRecents="true"
259-->[com.google.android.gms:play-services-auth:20.7.0] AndroidManifest.xml:25:13-46
260            android:exported="false"
260-->[com.google.android.gms:play-services-auth:20.7.0] AndroidManifest.xml:26:13-37
261            android:theme="@android:style/Theme.Translucent.NoTitleBar" />
261-->[com.google.android.gms:play-services-auth:20.7.0] AndroidManifest.xml:27:13-72
262        <!--
263            Service handling Google Sign-In user revocation. For apps that do not integrate with
264            Google Sign-In, this service will never be started.
265        -->
266        <service
266-->[com.google.android.gms:play-services-auth:20.7.0] AndroidManifest.xml:33:9-37:51
267            android:name="com.google.android.gms.auth.api.signin.RevocationBoundService"
267-->[com.google.android.gms:play-services-auth:20.7.0] AndroidManifest.xml:34:13-89
268            android:exported="true"
268-->[com.google.android.gms:play-services-auth:20.7.0] AndroidManifest.xml:35:13-36
269            android:permission="com.google.android.gms.auth.api.signin.permission.REVOCATION_NOTIFICATION"
269-->[com.google.android.gms:play-services-auth:20.7.0] AndroidManifest.xml:36:13-107
270            android:visibleToInstantApps="true" />
270-->[com.google.android.gms:play-services-auth:20.7.0] AndroidManifest.xml:37:13-48
271
272        <activity